0.000000
6149.193443
19420.840214
27636.867295
28011.969023
35027.111003
39711.269518
43956.626907
49787.481133
56896.357978
57038.034483
60554.695542
60778.213086
65869.685172
76470.036534
78448.471493
79080.816030
79129.167768
80567.543374
80658.761328
83068.119119
88227.399107
89847.401885
91696.495328
93751.735509
98612.534312
99680.201965
104636.348957
107980.012217
108156.704214
108955.682025
110856.069617
110742.067702
112702.885051
115579.161115
117256.142677
118419.949561
122690.350245
124983.265420
127484.819514
128010.525168
128246.954539
133201.394164
133427.562977
133844.965822
134383.064033
134432.925518
135965.135034
136615.585605
136626.849962
137527.559863
137921.946825
143728.859258
145473.378963
147943.852804
148266.420517
149848.658173
151707.195232
152546.624219
153006.545951
152731.859880
154857.476261
159277.391645
159910.657339
160277.461201
160250.120312
162657.564572
163967.986732
165346.006122
165689.367035
166881.426178
167958.720108
169372.117836
171189.264688
172495.494139
174398.348049
174902.073942
179505.448465
180285.851687
180326.878496
183099.337693
183925.571238
184772.905925
184927.117054
185183.873525
185392.834226
187271.825058
187637.536220
189137.796531
190033.000368
190790.935557
193047.664385
193296.680665
193466.421872
194436.255925
195259.957621
197091.660587
199480.808286
201598.364997
204936.785216
