1
1
0
1
1
1
0
1
0
1
42
903
1
2
1
1
0
0
1
1
0
1
0
0
0
1
1
1
1
818
1
1
0
1
889
1
1
1
1
1
1
1
1
1
1
1
1
1
1
1
1
0
1
1
0
1
0
887
0
1
1
1
1
1
0
3
1
1
0
3
1
1
915
1
853
0
1
1
1
1
872
4
1
0
0
0
31
1
0
0
1
1
1
2
3
37
1
19
1
0
0
0
0
41
0
1
2
1
888
0
0
1
1
1
0
1
1
1
1
1
1
920
1
1
1
1
1
1
0
1
894
1
1
1
2
1
39
1
0
1
1
1
0
0
0
1
1
29
0
1
1
1
1
0
1
1
1
0
0
1
1
0
1
1
872
1
1
0
1
0
0
1
0
0
1
0
1
1
1
0
0
0
1
1
0
1
0
1
1
1
1
0
0
1
1
41
1
0
1
3
1
1
40
0
1
33
1
0
1
1
0
1
1
0
1
42
40
1
1
0
1
1
35
0
1
0
1
40
0
1
1
0
0
0
1
1
1
2
1
1
2
1
0
0
1
0
1
1
0
1
1
0
0
1
0
0
915
42
1
1
1
1
1
1
0
1
1
1
0
1
0
2
1
864
1
4
1
1
1
1
0
1
1
0
4
0
1
0
27
1
1
1
1
0
1
1
0
0
0
1
1
0
1
0
0
1
0
0
1
1
3
31
1
0
1
1
1
0
0
35
0
2
1
40
1
1
1
845
1
1
1
1
1
920
1
1
1
0
0
0
1
1
0
37
32
1
0
0
2
0
1
885
1
1
894
1
1
0
0
0
1
0
1
1
1
0
1
0
1
0
0
1
1
0
0
3
1
1
1
0
1
0
0
4
1
0
1
1
0
0
0
1
915
0
1
1
0
1
0
3
1
1
1
1
1
1
0
0
0
1
1
1
0
0
1
1
4
1
1
0
1
1
0
1
1
0
0
1
0
0
31
23
1
1
886
1
1
0
0
0
1
1
2
1
0
1
27
1
889
0
1
1
35
1
0
1
1
1
1
1
1
1
1
1
0
0
1
1
0
1
4
0
0
1
0
886
1
0
1
1
1
1
1
0
0
886
0
1
1
0
1
1
1
0
1
1
3
4
1
1
0
0
1
0
1
0
0
1
0
1
1
41
0
4
1
0
1
1
1
1
1
1
0
0
3
1
0
0
0
0
1
0
1
44
0
1
1
1
1
1
1
0
0
1
1
1
0
2
0
1
0
0
1
864
1
1
1
1
1
1
1
1
0
1
0
34
1
35
0
1
0
1
894
1
885
1
0
0
0
1
1
0
1
2
1
1
1
1
1
1
1
1
1
1
0
1
1
42
1
1
1
889
35
0
1
1
0
0
1
54
1
1
0
1
0
1
0
1
1
28
1
0
1
1
1
1
0
845
1
1
1
1
1
0
1
3
1
36
0
913
0
0
1
1
1
0
0
1
0
1
0
1
0
1
0
0
1
0
33
1
1
915
1
1
1
0
0
1
4
1
1
1
1
1
0
0
0
0
1
1
33
1
0
1
1
1
1
1
0
1
1
903
1
3
1
0
0
0
1
845
0
1
3
0
1
1
0
1
2
0
0
1
1
0
4
1
1
1
1
1
1
1
926
0
1
2
0
34
0
1
0
1
0
0
1
3
1
1
1
2
915
1
1
0
0
0
1
0
1
0
34
1
1
1
1
0
1
0
1
0
1
1
1
1
1
2
0
1
1
872
0
34
0
0
2
0
0
0
0
0
0
0
1
0
1
1
1
0
1
1
1
926
1
0
1
0
1
1
1
0
1
0
34
1
1
2
1
1
1
1
0
0
1
1
1
873
40
1
1
0
1
0
1
0
31
1
28
0
1
1
0
0
0
1
885
1
0
834
1
1
1
1
1
1
0
1
1
1
1
1
1
1
1
0
27
1
38
1
42
0
1
1
1
1
1
892
1
1
0
0
0
0
0
1
0
0
1
30
1
1
1
1
0
1
1
36
1
1
1
1
0
1
1
33
1
0
1
1
1
0
0
0
1
0
1
1
903
1
0
1
0
0
0
1
0
1
888
1
1
1
1
1
0
1
0
0
1
0
0
1
1
1
1
0
1
1
0
1
1
0
0
1
1
1
1
29
0
1
1
0
0
38
875
1
0
1
1
1
1
1
36
1
0
1
1
1
1
1
30
1
0
0
0
0
1
1
0
1
0
1
1
920
1
1
0
1
0
38
0
926
1
1
1
4
1
1
1
0
0
0
