372
236
382
309
319
316
337
210
392
293
368
258
438
235
216
324
340
195
347
409
226
370
218
327
363
191
212
317
351
176
371
209
187
340
190
315
348
380
202
374
237
262
295
277
314
282
186
168
396
329
342
302
325
211
264
211
417
307
355
365
251
203
267
205
222
391
262
313
351
263
397
272
226
189
365
285
172
311
275
385
370
353
267
182
278
201
219
372
233
276
353
241
256
198
355
227
297
330
299
305
395
245
199
245
397
323
244
230
367
257
402
286
318
380
181
183
199
221
370
353
328
217
204
221
305
369
326
333
390
350
196
414
259
204
304
185
200
241
322
198
358
174
195
405
284
188
419
387
317
180
186
412
208
287
257
224
301
337
195
217
268
192
352
212
202
331
197
182
325
390
366
183
301
214
251
192
359
371
177
210
180
345
181
266
382
409
371
387
307
176
428
171
256
373
304
372
234
187
184
218
182
408
368
347
201
388
371
188
258
273
180
420
386
265
170
416
420
315
321
339
333
194
303
305
267
174
370
353
194
340
280
307
300
170
198
208
345
303
294
409
316
339
253
197
244
275
170
170
204
315
178
342
424
259
342
424
364
397
432
299
330
193
261
343
195
193
315
371
356
327
375
180
371
160
419
213
376
328
228
220
425
274
289
377
326
326
203
338
355
232
339
378
335
367
338
406
226
310
385
185
295
391
299
230
242
176
206
372
389
211
334
210
214
275
297
375
419
419
372
417
313
366
194
413
378
185
311
256
239
395
212
287
307
404
326
305
204
413
249
404
232
425
363
286
225
207
291
419
374
373
424
369
266
305
358
171
184
347
196
203
243
402
341
334
222
425
303
188
274
417
196
369
288
314
414
189
220
346
183
288
318
411
204
371
180
368
235
180
337
426
269
395
372
295
350
261
299
390
311
284
181
169
398
203
202
290
393
314
348
187
216
289
306
285
218
237
329
195
327
202
171
234
309
268
382
192
371
392
217
379
412
309
363
336
382
228
404
423
364
341
381
387
372
412
287
218
331
355
198
268
205
221
385
254
381
258
197
207
315
425
348
421
311
235
356
257
285
344
314
244
225
189
381
213
266
215
197
176
210
191
396
432
221
333
203
242
357
369
277
347
381
200
330
329
400
334
177
351
400
383
