14931
1098C
1251B
114ED
179FA
00010111100000011001
1457E
17B5A
00010101100001010110
16BFB
00010001101001000110
120FC
1547A
1380B
1761A
11EB0
1071E
13BC8
00010011110101100100
00010100110100110100
167FF
00010100110111010010
124D3
177AC
1145F
13670
17FD9
00010001111000100001
00010010010110000000
0
00010001111100101110
00010100011111111100
1172C
00010011001110110001
13F4B
1668F
13E30
13F94
00010000011011110000
00010100011110001100
14EDD
17588
1159F
00010001011110001100
00010111001110000110
13388
1221E
00010111010010001001
00010111001100000100
17831
128F9
00010001000001100101
00010110011100110101
00010100110101000101
00010010101011111101
16361
10378
14229
17BBF
16EA6
16B33
17668
00010010000000010011
10EC0
1184E
1342F
13C95
00010101111000011101
00010101000110110101
11ACE
11424
0
131D9
1593D
11661
168D7
13D30
17895
00010111111000110101
16507
00010000100010110001
13692
10048
14721
17059
17018
1098B
00010101010010001010
0
00010001101110101011
00010000110110101111
00010010111110001000
00010001111000100100
153F5
165AB
00010010100111000111
00010100100111010101
17244
13E3A
00010010011011011000
139C8
1390A
00010001011001011010
10EAD
10E8C
00010000111001011011
14DCE
0
146B8
14672
1439E
17369
16563
00010111111000101100
10492
13CAA
00010010100010101010
00010000010110001011
109BA
15E66
0
15A35
00010000011011101001
00010011110000000110
17394
00010011000111110011
14935
13C53
16903
11532
00010010010101111001
12BFF
13BA9
00010000100110000101
00010111011011010011
0
00010011001000110110
00010100110000100001
0
148A3
1655F
11C5F
16B99
162EF
1665C
1163E
13716
17C3F
1756B
0
0
00010101010000111000
1484B
00010101010100000111
00010111100010101101
00010010111101100000
160C1
00010010111110100000
00010110001111110001
129A4
17317
10438
00010001001110010010
00010001100011010010
00010101110010011000
13B81
15ECD
00010111111100100000
12A15
109CF
00010110010110100111
10DA4
00010010111001100100
1399D
12F66
136D9
00010010100011011011
10608
00010101100100010100
15121
00010111101111011001
10553
15400
1493D
1733E
12361
1343C
164D6
11AED
12C3E
10F20
114F8
12551
0
169C5
15892
161D6
13E3C
1378B
00010010111011110111
1436B
00010111111010100101
0
0
17707
11D6B
10846
13268
10A21
114CB
16BCC
1468E
00010010000100110110
00010100111000100111
00010111000010010110
110B7
00010011111001000110
11C84
14AD5
177A9
00010001011101011000
1470C
16400
16191
00010111110011110010
1238D
00010100100101010010
00010001011001111110
00010101000010100001
140F9
12A4A
0
00010000101101110111
00010010000111100100
16729
12A19
00010101010010001000
00010000011100001001
12F78
158DB
1276C
149C6
1307F
00010010011111001000
00010000101011000001
00010100011010011011
153CE
13DE5
0
157AF
10DB8
14318
10B40
00010101111101001010
13BD3
00010011001010101110
0
00010110001001011100
00010001001101111010
13DD6
16E3B
00010011001011110101
1204B
00010011111000100011
00010100111101111010
0
152AA
00010011100000001110
11C28
175B8
11E3C
16D72
15DFE
00010110110000111001
00010010100001101100
1000E
00010001110110111010
00010111110111101111
106E9
12407
00010010100110011011
12C22
00010000111000100110
00010110001001100011
16BE7
0
00010010111111011001
00010110101110001111
00010101000101100101
00010000101001000011
1697C
00010111100111011010
00010011111111100100
00010100001101110010
142CF
00010100001111110111
11CB2
00010001000010011010
15C54
17F7F
16326
128B6
00010000110111010010
00010111001101101101
14B16
10364
114D3
11AA1
17F61
00010100001101100100
00010101001100100110
1565D
00010110010001100111
1311D
11D5D
130CB
16E8C
14518
00010001100101010000
00010010111101110100
00010000100010111001
00010100001010000011
12C98
135CA
00010000101011011010
0
17B15
177A0
14061
10A92
17569
17BAD
00010111111011000010
00010001111101000101
1777B
00010010111000001101
14BF5
15687
00010111011011110100
0
00010001010011110111
00010010011000111001
00010100000111000101
12828
17449
13DE0
14C9F
0
00010000100001101111
11127
1117A
1619E
15A72
0
00010111111000001111
11CE7
1545F
13CEC
1725E
00010100110001011101
00010100011111000110
10FF1
14F28
167D7
1043C
00010001100010100101
11476
12091
17DD9
16CE3
00010001000000010000
103AA
103BB
175AE
11C07
12CA7
00010000011010000001
00010110100110101100
00010110110100101100
00010000011111101110
16ED0
157A6
17196
1254C
00010000001111010010
0
00010011111100100000
11A70
00010110000110110010
14469
111E8
1756E
10021
0
15AD2
00010011111100111101
148D5
11414
15E03
10E39
00010011111000000100
10DB7
0
128A1
00010011000011101101
00010100000100000100
16B2A
00010011011100011010
1084F
10BC0
11042
1072A
116F0
137D6
152E4
0
00010000001000011000
0
1110B
00010101100110100101
00010011100000010011
00010010011101100111
00010000001011110101
16613
0
159E9
149A5
13D1F
161CB
00010101000011010100
00010000110101100010
17A45
129B5
00010100000001000011
12C36
13CE5
141CD
00010101011101111010
17870
00010101101011000001
126F4
13B5D
10723
00010010001010000011
1360E
110F6
10EA5
0
00010001001010000100
117F2
00010101010100010000
145C7
11CC3
00010101010100100101
00010010111011000100
1518D
178BB
00010100110100000010
10CE3
0
0
00010100111000100100
00010001101111010100
00010010011111110110
00010001111000101101
00010100101111001000
00010111000111000001
14BB4
00010001101110011100
14850
14D18
16ADD
14FAF
14FC1
1630E
17538
0
10246
0
0
00010011001001010111
12EAB
00010010110001110000
10A15
00010001010100000001
0
13E95
12B1A
11379
12883
155CB
15958
125D4
0
00010100001010011000
00010001101010001011
00010011100010101010
13784
17345
00010010000001010000
0
00010110001011000110
13263
17AAD
00010010111111000000
1602E
17543
0
00010110111001000101
16B06
13A7C
1642F
00010001111011010000
1013C
17869
111CF
1660D
10DE1
00010001101110101001
125FC
1142D
00010010001110101011
00010001010110011101
12E30
00010011101101100101
14774
00010111101011101110
11544
1566E
0
00010011001000000100
145F8
17F04
1361C
13190
15D71
13468
00010100001111100011
00010100111100000010
16DB6
131DE
16A77
11D14
00010101000000110010
00010101010100101111
176E5
00010101101000111101
10835
11527
13760
00010110111100111111
13573
00010000100000011000
0
00010111110110011010
11683
17A55
00010000000111110101
17E16
11B61
114B8
10CA7
00010110111100111101
00010000011111101101
1131E
11193
0
00010010011001101001
0
11220
00010100000110001100
0
00010100000101110101
00010101111111010111
00010011111100011101
16139
00010001001010110100
00010011011011100110
1332C
15887
0
1689F
00010010001010010111
10CBD
00010011110001111001
00010001010111110110
17F01
10D92
137E3
17A06
14551
00010111000000100011
150C9
1448C
12C31
1716D
10525
00010000010001101010
00010110001010010000
00010010100011010110
12079
00010010001000100110
15E20
14AA5
1124A
16A69
139D9
00010111101010000101
1549F
00010010100010000000
12474
12E06
16286
00010101000011011110
15EF1
11F1C
13E90
0
14B12
0
10950
00010110111011100111
109DD
00010001011011001000
00010010011111011111
00010111100110101010
12A1E
14DBA
17A5B
15DE2
166E3
00010111011111110111
00010010001001100100
10B34
00010111010111111110
10AE7
1599D
00010110100101101010
16687
13F55
00010101100000110001
00010111001011110010
10F57
00010111001111110001
14B4B
15F5D
10D8E
11FCF
15B9D
00010101110111100010
1530D
154E6
143DA
15FD9
00010100010011111101
15293
00010111011100111100
17340
16A46
00010010100000010011
00010101011111111111
12D39
0
1670C
17DE4
0
11A67
16605
10CAF
17C1B
15E67
112E9
0
17D7C
11514
15588
1271F
00010100001101011101
157AC
10216
120E1
17414
00010100100000110011
15BAB
17CC3
00010000110000011010
12FEE
126C1
15C1F
00010011100010001110
12DE8
14BB9
00010100001101010010
141B1
17571
10956
1603B
00010000010101101000
11C9A
1373F
00010110000010111111
101BD
17ABA
00010001100010000010
15947
00010110111101011110
00010001011011101011
13E0C
00010011101101000000
16C1D
1268D
17932
00010101101110011010
1356E
11BC3
00010101111000101011
1094A
00010111001011101100
143F2
15693
133C9
00010001000011010101
00010111011001000101
143EA
0
00010010101010001001
1522B
00010011001000010011
136A8
00010000010100001111
00010000110111010110
00010001100111010110
14B0D
0
00010101010010111110
1335E
1114C
00010010111111011001
1361D
00010101100010111100
10CF0
108DD
12371
17862
00010001100100001010
00010001100100110001
17EFD
117A8
17EB0
1538F
00010011101001000111
1654A
0
10353
1049B
15BE8
11801
13701
10987
00010111010010000101
12E6B
13ABD
13F5E
00010110100100001001
100DA
122D2
145B5
00010000011010111111
0
00010110011000101100
153E9
110D8
1616E
0
13796
132E6
12671
1569C
16321
10361
13233
00010010110101000001
00010000110000110000
0
1706E
00010101011101001010
00010101101000101100
11EF2
00010000101111011110
1765A
124C6
123EB
134C4
00010111110110110100
1426F
14018
00010111011101100100
13CC4
166DF
175E5
00010010001010001000
17997
1118F
111A0
13DFA
11B5E
10C3E
11BFE
1110D
00010110010011101111
17970
15C96
0
00010011111101000100
172EA
16C65
00010100111111101011
00010001001111111010
13837
15849
1226A
137D2
00010110110100100111
15386
176F4
16534
00010110100001001011
17A44
00010110001111101101
146A7
1117A
1240E
00010011011000111111
00010001000101011010
1504F
14654
167D5
12F9F
10AA8
00010110011011101011
00010010011000100000
00010111101101101010
00010011001100101001
11E88
00010110100010010101
00010000100011010111
00010110011110110111
00010010101101001000
00010001011100101101
100A1
00010001111111111101
1132B
00010100000011100100
0
16BEA
00010101011010010100
0
1487B
14231
132CB
13BB5
00010101111110111010
00010101111011001000
00010111010001111100
00010011100001011100
114B6
00010011000101101001
15A35
00010110010000111110
174E0
0
106EB
00010111001011101001
1114E
1418C
00010000010001110110
155F4
1493A
00010010001111010101
15610
16376
0
00010101001010111101
11ADA
10C8B
13E25
00010110101001010000
14057
00010010001111010110
13ECB
0
144EF
133FA
00010110011100111110
00010010100000001000
00010000101001101110
0
12AEA
1161E
13882
00010111100001110101
15A61
169C3
12F40
0
0
115D9
00010000100110100000
15670
00010111111110101101
12087
12FFC
00010001001000000100
146D9
151B6
0
16AA2
00010110000101111110
17197
00010110010000001110
12909
11F63
0
00010100101111101111
141FE
00010111110001110001
1067A
00010100100100100100
13CCA
13B36
00010001111110101101
00010000110001111011
129BA
10F63
15CF4
1532A
00010010100010011110
1584E
00010110000101010001
16946
00010111111101001011
0
1170A
00010011110001001101
00010100000000011010
16EE9
15E2B
00010111110110011101
10066
0
00010100101100000001
154FA
11F11
10183
174A0
1230C
11B00
17E95
1535E
153DE
1799A
00010110110011011010
12F57
14161
00010011110101001110
00010000001100100101
11EE7
125E7
16C0A
0
11532
11EA9
00010010010111000100
10BC5
100A0
13E41
14AF5
00010110001111110010
17959
12F30
00010011001100011001
174D2
17FCD
00010110011001011010
17330
00010011110001101100
14B2F
16585
13440
10CE9
00010010011111110101
00010000110111011101
00010001100111010001
12717
00010110011001011010
10273
1386F
0
158DC
11AB9
00010001110000101100
173EF
162BF
16508
00010101111100011100
00010001111111101001
11687
00010011100100011010
00010100111111010111
12D32
00010110010010000010
15A90
127FA
00010100001101001100
00010101100100111100
12B6D
00010101001010100101
0
16C08
16E9A
142FF
0
15D7E
11A60
00010101101010101110
1112C
00010010010111111000
13AF1
1605F
00010010001111101010
17414
164DF
10644
00010100001110011100
13B35
00010011011110100011
10091
1271E
15202
00010111000000010111
00010010101111111110
111EB
120E5
10AFC
14449
00010011111010100111
00010110000010001100
17776
12AB1
15996
1686C
00010101100110001011
13C7B
10B22
10D39
15CA7
00010011100101110001
11259
00010000111101110000
1161B
13A5E
16F6C
119CE
0
13793
11E31
14FD5
151BA
11F65
160A2
16C4E
00010110011001111001
17CAD
1195D
16FC2
10BB5
00010010110101000110
00010011011000100010
15EFF
00010101110110110010
00010010100010010011
12A57
1119A
10198
155F6
0
00010001000001100111
177F3
1735A
00010101000111011110
00010000010000000010
00010111111100110001
10BAA
00010011011010101111
00010011001101001010
10628
17D58
13AEF
111E0
12E8E
00010001000011010111
14BB7
15EAD
00010101111101111110
00010001111100100001
0
00010101001001011001
167F9
00010100100000110010
00010011100011111101
00010101110111010101
13163
1398B
130E1
178D2
10202
0
00010111000100011100
10047
14F83
105AA
136FC
00010010010011101111
12174
15985
0
00010110100111001000
00010000001111001011
00010110010011010011
11115
13295
1095D
00010110101000101000
00010010011110011101
1625D
00010101111001101000
00010011000010011100
16D68
00010000100111101011
00010110101100001010
13A4C
00010001011001111000
1264C
00010000010111001000
10AD9
00010000010001110010
16F54
13608
17DE7
15121
13619
10697
00010010110110011111
168F2
15375
00010110100000100011
1692E
13576
12689
00010010001111000010
13B44
157E2
12335
15D69
00010000000010010110
17392
170A1
12676
00010000111001011101
10882
117B7
12027
168D4
0
141A6
12E21
109BD
00010111110001001101
10660
00010011100011101010
136DD
0
14B1D
00010000000001101111
1687B
14F00
130D6
00010111111001111110
13FE5
10B79
112CB
00010101100101001101
0
10699
114FE
165F2
16963
16ED8
0
00010011101011101000
155A4
0
00010011110011111101
00010101001010010001
1790A
00010101111001001111
0
13DAE
16378
12FAF
00010000111100110111
165E8
00010110010011010001
0
11893
00010110000001001011
1737E
11066
00010001111001010010
14FC6
00010010001011101011
11A3D
00010001011111010000
00010101011110101100
12A0A
15477
17932
00010001111000110110
00010111100111001110
118AE
151DE
00010101111011111111
0
00010100010100011110
00010111101011111101
10D86
1502F
1272B
15600
107B0
10549
175D9
00010001101100011000
00010101100001000011
0
15C53
137BC
00010000100101101100
14BE6
11465
00010011110100100111
1073A
00010001011101111111
00010001000100000001
00010101111011011000
11220
11CDE
138BE
00010000000100010000
00010100000101110111
14717
0
15757
115FA
155C5
00010011010100100001
00010001001011111000
11C48
00010001001110000010
00010000011110100111
12180
11F66
00010001110001110000
1660C
17B43
16B3A
134B3
0
101D7
11F11
12EF5
1023C
00010110111010010111
00010001000000011010
162E1
15F06
00010101000100100001
00010011101111101000
133A8
16AAD
00010001110111011001
0
00010010011001111111
1350A
0
12319
00010000100100011111
0
1062D
10A16
12843
10F04
00010110010011100011
15810
1162E
0
00010100000011111001
00010011101000001101
10122
15590
11024
00010000010001111010
119EA
1412B
153E1
0
10A51
1338A
00010001011111101101
00010100100001000101
17BA9
16184
100CB
0
12D45
00010110011000010001
00010110101001000010
1099C
11AFF
00010001110011001111
00010001010111011100
12231
0
10C81
16968
144EE
11FC1
1618B
13D78
00010001111111111101
1178F
17876
13BE4
15CE8
00010100101000000101
17872
14E45
00010000001100011111
0
17DCF
0
16A75
0
15483
00010001101100101000
13DA3
00010011000010101001
0
00010010101000110011
10CC4
168A5
00010110001011111011
00010100001101000101
00010110111111010111
11B10
00010000111101011110
1384F
13941
00010010011001101011
15B56
10202
13848
00010110110100111010
00010001111010001110
11E56
00010000101110011001
00010011110010000111
10F52
00010111111100000100
103C3
00010100001001011100
16D14
00010000100000001011
00010001010110111010
1144C
00010011101011101011
11E2F
15D55
145EB
00010000101000001111
00010100010101110101
12FD0
10F52
1545F
00010100111110101001
00010011111001001010
00010000001110011100
166DB
11AD8
00010100100001001000
00010101011101101011
00010101110000101010
0
00010101111000110000
13764
00010010011100010101
110BA
0
12EAE
00010010110100001010
00010100011101011101
102D4
11D77
1709A
143DE
17D53
13F70
14BFB
17B20
15043
1424C
13B87
1354B
00010011011000000000
00010110110001000101
00010011100000111011
13C47
00010001100011001001
00010101001010010110
00010010001000111001
00010001101001000100
00010100010101000011
00010010000000000010
13B46
16835
12CF5
16B4C
00010011000101001100
00010010110001010000
138CA
11DBC
00010011100011011010
00010100100010010000
12B92
169A1
1379F
17933
11480
150C9
17EF3
1633C
151AD
13B0B
1164E
132F2
12294
11CBE
115CF
14A5F
14A95
00010010110100111111
110B6
17FD2
00010100001101110010
00010010110101101111
00010000111111101010
16C5E
00010111111111010101
13E32
11C74
14A58
13DC8
146F1
15A02
163DD
00010110100100111011
0
00010011000101100101
1114A
10E82
0
10B14
00010100011111000010
15CD4
10568
119A6
00010011011110101100
0
17DFD
1345B
17B31
00010101111011101100
178D5
00010100000110010100
00010101010011000010
00010001011000010110
16CF1
00010011000101010111
0
17212
12556
107CC
10413
1260B
1278B
177C3
00010011101010000101
0
00010010101000011110
00010000110100101011
13563
00010101111010011000
11B1F
1679C
159F2
12CF7
136A3
00010000010011001111
00010111110010110111
17BEA
12D43
11B20
10FFE
12110
00010101101010011010
10413
16255
1506E
10BCB
136CC
00010110110100001110
00010101111011101011
155F8
00010101001010010101
132C0
114D2
17CCC
1395C
12DC6
0
168F2
00010011101000110010
00010100111010111111
13802
00010010111010011100
14BCD
10B0C
13D56
00010010001111111101
00010101011100000111
00010111101101010110
12F2B
00010000011111001111
1115D
10A05
11C40
00010011011111001110
00010110011101110001
00010011000111001001
145BA
1773A
17789
14C15
00010110000110100000
00010100010101011001
11C0D
16F9F
16D5D
143F3
1060D
15EE2
00010001000001000001
12DD4
00010110011110111000
00010000011010011101
0
15D4E
12EE6
00010000110001010001
00010100100100110001
00010110001010110101
14F90
16CC6
155D0
12AE1
11E52
00010010101010000110
11BBD
135AF
13AF0
10C60
00010000100100111011
15C80
0
00010110101111100111
00010101010101110001
128B8
14376
113F1
152EC
0
10516
12F19
0
13E05
00010000010011111111
0
113D2
17477
00010100100000101000
14F00
14BC9
00010100100000001011
16DA9
14A49
00010011001100011010
0
10940
00010111001011000010
12AC5
00010011100101111111
00010000110111001111
17B5A
16E2F
00010010100011011100
00010100011111011100
0
00010101010110011111
00010111010101010101
1680F
00010011100011110101
00010010100011000000
15CF4
11DB8
00010011111110101001
10122
11EC4
00010100000101000111
136DF
13CB9
00010000000101010110
10ED1
00010000010001011001
00010000000001011100
1693F
17092
0
00010100101001001000
17F98
00010101100101100110
123F7
1149A
00010110100001111101
12F4E
147F5
00010000011111011000
1098E
145F1
00010111001011101001
13D69
16071
16919
137EB
00010001001000011000
1694D
17732
171D4
10895
00010001010101010001
00010000101111001110
0
13BF4
1512B
00010011101000100011
00010001110110011100
1622C
0
1578B
00010110111010000101
0
0
00010101011000000100
00010011111101100111
00010110010001111011
00010010011111101001
00010010111010101110
17B73
12975
16BD6
15C4F
13C9A
1280F
00010101111101001010
165D2
12A13
17234
15C8E
178C4
00010110011011011001
113B5
126EC
113D6
1102A
00010000010011000100
17137
1415D
0
00010010110001111001
00010111010001000011
161D5
167BE
17350
11568
1065A
10651
00010110010110101001
11D03
15B2D
15F13
16647
17CF5
00010010001000110110
00010000110000010100
00010111000011010010
00010010011100100010
13D7C
168AD
00010110110001010101
173F4
149AE
17FF8
00010000110111000000
118D6
1489D
00010000101101010011
00010100101001100111
00010010111010111001
15BC0
00010000000011100010
15A81
14892
00010000111010101111
00010011001000001010
00010100101110101011
119D9
131A8
179F6
12362
00010010110100001100
1440E
17C15
00010001000110001100
12A2A
0
17299
00010011001011110000
12D39
00010000111101010110
00010000110011111010
163BA
00010010110011000000
00010101000100110001
15E72
00010010000111111000
1704D
00010101100101100110
15C7F
1001F
00010001011011110001
1008B
16D64
12786
12DBF
00010001110101011001
106A7
16AE9
15651
00010101111100101111
00010101101110010100
168E8
17D43
00010011100010001110
11BB9
13E86
120B5
1599B
00010100000101101001
149AB
00010010011011001101
00010011101010100000
17039
17BA2
14433
00010011011010001100
16386
13B9C
00010111001010010100
00010011010101101110
16CEC
1592B
1771F
00010110011011111110
00010000001011010000
10EC7
00010111100100001011
00010000110100010100
15ED8
1144D
00010010100000001111
1562E
12C6D
1417A
172E8
00010100011111101110
0
14074
14DD7
1399A
109C2
0
00010000100100100000
15E9B
12BAA
11750
1378C
0
13074
105EC
124E8
10BF7
165DC
148CB
0
10659
17267
14B85
13FB5
11D1E
00010111001111011010
00010100101100010100
12C53
11DE5
12DC0
00010111100001011001
1333B
0
147E9
00010010101010010111
0
00010010011000100001
11CE6
121F6
10971
0
0
15A01
1440B
177CA
1267C
16C29
14C8A
00010100110001000000
1308E
10240
0
0
00010010110101100111
158FE
00010101011011111101
14CB9
13EEF
0
1405D
17D95
00010110000011001110
0
0
13450
126F4
0
00010100000011011100
17671
10C14
15A06
00010001110100000000
14DA1
00010101000000100100
00010010011011110111
166F1
1622E
166DE
00010001100110010001
16EBB
12589
00010111011001000010
178C8
00010010101111110000
00010000110011001000
16513
00010111001001110100
15423
0
17955
0
1016E
17C7D
106D5
0
168ED
16FD1
12DA1
14478
12141
141C9
1288C
00010101001110110001
1790E
1172C
12BAC
00010010000101110001
15D7D
14769
152DB
17966
150BA
10712
00010010000000111001
15FA6
17077
1225C
00010000101010101000
11326
00010000110001101000
147A0
11C4E
0
14CC5
0
0
0
168CB
10333
00010110010100110001
00010101101010111000
16D3B
15F69
00010000001110001110
00010010101000111010
112D9
00010101011001101000
14466
00010010110010101111
00010010010011101111
10EBE
10BB2
136E8
00010111011111000111
1201C
157B2
12A17
16F35
14DD8
14F68
17654
00010001010100001011
00010101000101101100
00010110000100011010
12D1C
00010011111110100010
134F5
0
00010010001111001101
00010100100001010111
00010011110110110101
116E3
1262B
1520C
16691
00010110111001011011
138DE
00010001111110100011
00010110101010010100
17392
16BF2
0
00010101111101101010
00010111001010100011
00010011110101010101
12923
15FE6
00010000010111101101
00010000101101011100
00010111010101101000
1467C
12491
1173F
00010100001101001100
00010111011111001000
140F7
00010001011110011000
00010011011101000101
13D05
1774A
00010101101011101000
16CD2
00010010111010010111
0
17A13
13CF3
00010010111010000010
00010111101000110010
11ADF
114AC
172F0
15271
00010100001001111000
15B85
120AF
128EF
137EF
00010110101000001101
175B0
1542A
00010111011010110110
11052
00010000001110001001
0
13126
12C6B
179F4
0
162F9
150EF
00010000000101001110
00010111010110111011
00010111001111010000
17B7B
12519
00010100110110101110
169AF
15B30
00010100111001111010
17853
12B7C
12732
14EBC
13A42
00010101001110000011
00010000010100101010
00010111100111001011
00010000111111010101
00010001000111110101
17FC5
150BA
12BAA
00010001111101100100
00010000110100110011
13C3E
10524
13F49
125A9
00010101011100110000
0
00010101001001111110
169DF
00010100100100001111
16D65
179C4
00010101100110010010
1307B
00010010010101000110
1483F
11A03
00010001110110111011
179FF
105F5
00010100110001110111
11D39
00010100010001000101
10252
174B5
00010101001000000001
14895
176A7
00010110111110001011
12045
0
178A6
17949
167DB
00010011001100001100
17CE8
00010100010001000100
14EBD
00010111111101111110
16968
11F55
11B88
11F8B
13805
12C58
11FFE
00010001110000000001
12903
126AD
13385
15075
00010000010110001010
139BA
13DA5
149BB
17226
16766
00010101000010001110
00010011010001101111
00010101000101000110
17EA0
00010101001110010000
15B70
00010011010110111101
121D6
13DA1
1365F
00010110010101000100
15D7F
15FDA
00010000100000100100
0
00010100111010010001
13FFA
10D6A
139D1
1590B
102E1
13B1E
15F3C
16E6D
16716
10CF4
00010100010101111100
00010110010000111011
14F43
163E3
1063E
00010101101001111110
0
174A4
14D10
13243
119DB
00010100011000110110
149E8
00010001010000011001
134CE
1405C
1339B
10697
149C7
14A1D
00010101101001100111
114D4
00010011110110100011
17844
00010100101001101010
104ED
12865
0
17E29
00010001111010000011
14FB0
00010000000010111111
1210A
1013A
13150
16BFD
161DA
10B3C
00010001110110110001
16A72
00010101010101000111
00010100111110110100
00010110001001100110
15F3E
00010110100001100111
00010001110101010011
00010000010010100100
14244
0
00010001010011001110
10BC5
13EA8
17AFD
14F5D
15BC5
16158
1750F
0
11FC8
15780
00010101100100001010
12430
14492
00010011110100010011
13374
00010000010111111000
1030D
00010111101101001001
00010110100000111010
176E0
00010111101011000111
00010011011100011011
1152B
00010101110000110011
0
0
1047A
00010100101011000010
12462
00010110110101010101
12F40
11D62
16512
11F06
14FF8
11B6C
121A0
109E6
0
0
00010011100001001100
12744
1031F
12CB2
15CFC
00010001001100110010
00010101011111111011
127B4
123BB
16B07
13C9E
15AAA
0
13BDF
177FA
11D00
1773E
10116
15162
00010110100110101000
14B49
132D1
00010001001100001100
00010111010110010101
154F0
00010110010001110101
00010001110010010110
00010101011001000001
15672
1732E
1057E
00010011100000101001
00010000000100110000
1446A
00010100111110101001
00010010010101001011
1702F
1145B
00010010100111011101
15BAE
00010011001010011001
0
14247
00010011001111011010
1663C
119FC
128F6
1175C
00010110001000001010
11C66
00010100001001011101
10744
17097
143F7
00010100100111010101
132A7
11A9F
14837
00010110010000011001
11D1D
00010000000101111101
15E71
00010100000111001000
00010101010101000011
00010100100110110100
00010111100000110010
151E7
13B3A
00010001010101101010
111CE
1045C
15727
0
110DB
00010001110001110100
00010011111110110001
00010000001100011011
132B4
00010001001101011110
11086
10C16
00010000101011110111
10AAD
170D6
14B8E
11208
14EDA
00010010100111010110
1355D
1438B
169C0
14D3F
16A00
14CEE
00010100010100011111
16BCD
12119
14BDD
15D19
00010101101111000000
123ED
11CCC
00010000001010110111
10F5E
157E6
00010011100101110000
00010010111001100101
00010111101101101110
15912
12746
16272
10DBF
124A3
1760B
00010001110110010010
0
1536E
00010100111001000010
15D5C
17064
1646C
10FB2
00010011000011001011
103E7
1173B
00010111111111100101
15AC1
12104
00010101011010011101
108AA
00010000010001111111
1341C
132F8
10693
1002F
13993
00010110110011010101
12778
11B5B
00010010010001010010
00010000111101100010
158F2
0
00010101010001000101
00010001101011110000
146E1
12E4A
00010001110011011110
13F75
169E7
17099
00010101101110010000
00010010011100001011
00010010010111101010
17C7B
00010001111001010110
1506F
17896
10DF0
15A2A
00010111100110000010
00010011011111011001
11B5A
1318E
0
16065
00010001100000000011
00010100101100000110
16CF4
17432
00010100011010010100
00010011011110011011
10D49
168F9
11B9F
1695A
00010001111000111101
0
13017
139D3
106E5
00010001011000110110
143D3
00010000000010011011
0
00010011111101110101
0
139CA
00010001110011011010
17842
129EA
13C7E
15908
122AA
134E9
10156
00010110111110101000
00010111101110000001
12573
00010111100011110111
00010011011110000100
178DE
15352
1728B
00010111101000001001
0
11C38
1123D
11DCA
17ED4
00010101011000111000
157BE
00010110000011111101
1446F
15249
00010011010011000011
123F9
00010101010110010010
00010110111011000111
00010011001110000101
143BE
10028
00010011100111110010
00010010110101000000
00010000010001101101
1525E
1246C
00010001000010110100
10BCC
16928
00010100001110111111
00010011100010100111
16BC3
14EBC
00010010010011010101
15261
13CE1
16915
12E7E
1542E
148D8
17871
0
103E0
144FD
00010010010111010011
1573B
10D4A
0
00010010000110000010
15BE3
128C6
14C5B
15188
00010000100101000101
151B0
00010100101011110011
11034
00010111110100100100
10CE9
10578
0
00010100111000100111
13F55
168F3
14F0C
15E5B
1145D
17D12
15BAA
0
00010111010001101110
10EA6
17CD0
00010001110001110111
00010000101101111000
16A25
12BA1
14DEA
00010101111101101111
12629
00010001110010000011
00010101101010100100
00010111011011001110
17DEF
16DA2
0
00010000111100001111
13BD9
00010110010101101100
1124F
16334
00010011001111101100
00010100000100010100
15FEC
00010000001001000001
14E53
1130F
16326
135C0
00010010000111011010
0
1750D
00010111100000111100
00010001111001110100
13531
16315
00010111101111000110
00010100011110110110
00010000011100011001
17195
14073
17F59
00010111111111010111
16E49
13ADB
00010101111110111100
115B7
152D0
10A9C
1265F
11B47
1772F
140D5
12E69
10DD9
00010101010001001101
136AC
0
00010111010000000100
15675
173C8
00010101001001111011
14C23
13FD7
00010010010011011000
16783
0
11B07
00010010001000001010
00010001010011101111
1297B
13D7C
10594
00010010011110011010
00010100010010111101
00010101101000010010
1522F
13901
0
12389
12997
00010001100111000110
13B03
00010111111100000011
1130D
14C2E
00010111001000101000
1468A
00010101000111010100
10EA4
10B2B
11B88
00010100101110110111
00010111011000110100
14C87
1494D
0
11911
126FB
1378D
10B85
00010100100100010000
14408
16CDF
14414
00010101111000101010
12476
00010010000100111111
00010101101000001001
110FE
14ECF
00010110000010001101
11140
1654D
00010000110111100010
00010011110100001100
00010000011100011010
0
00010011111101000010
00010001000111100011
108FB
16815
131C5
155A0
00010111101011001101
00010011010001000110
11405
00010111110010110000
00010100110101111010
12260
00010111001011100011
16BE8
10575
11B59
147FF
17AFF
15132
0
11840
10711
0
00010010111011110100
12252
1151E
00010010011011011000
0
0
10488
10A3E
0
00010000011001100110
00010101000110011001
00010101000101100001
126B6
10111
0
17E48
00010111001111101111
00010100001111011110
1053E
00010001010000000001
132AF
117CD
12B56
11D1C
00010000001100001011
00010110011010100000
1231B
1422F
1333D
1595D
00010000111011000111
17050
00010001101000100001
106D0
00010000110001111010
10F9E
101BB
13207
168B9
00010100100110111000
00010010000110101111
00010001100011010100
160EB
16044
129C7
1524F
00010111010111011011
1136A
15C71
13D51
00010100111000111001
11856
1393F
17EF9
12919
0
00010011011101100101
00010001000100101011
16073
00010110110001001001
1103E
1610C
0
1793D
119C7
17D88
151E4
130D2
13122
00010101010111001101
13CDF
132C9
13515
107CD
00010101101100011001
12AE6
00010001000010001001
00010011111010111111
1627F
13772
0
1219E
102E1
00010101111110111010
1654E
00010101000110101000
15871
11A8D
12FA7
00010111100011100001
00010110111001000111
00010110010011000010
00010111100010010000
00010110100010001110
150DF
00010110011110110000
0
00010100011110111010
00010011000010011001
00010010111110110101
00010111010110101010
151B4
00010001010000111000
172B0
00010110000000000011
0
00010001101101100100
00010110011010000110
00010011101000111011
00010001111110100001
00010101000100101000
127A0
0
15205
10E74
12F6B
1261E
17919
16C9C
00010101101011010111
00010010001100010010
10F01
147D8
0
16B72
16921
00010101000111000010
118EA
1337C
00010110011010100111
133DB
17185
15E92
12EFF
14206
176AC
0
00010000000001011100
13D0A
00010000100001100100
1461D
00010000111000110110
12515
16135
0
16FC7
00010001110000110100
00010000110010101011
00010010101011101110
11E8D
158DC
16DD7
108E4
104CB
12864
155CF
12824
00010001110000000111
00010000000110001001
00010010101000101001
0
11B8D
00010010011011101000
00010001101110000100
13B1A
00010011011011101011
15987
16C00
00010001100101111001
0
11B4D
00010100010111000001
1136F
163BD
10186
1216F
167EB
15C22
11760
00010011110010111001
162FF
12B42
00010101000001110000
00010010000011001110
00010001100001011111
00010100101101111111
00010000101100101101
138E2
12DE6
17A7F
00010010001101110100
178AF
0
167AE
00010001010100000011
112F1
00010001101010000011
172BA
0
00010011111111101001
11680
17A15
1516D
113DB
00010100000101110010
00010011100101110110
149BB
16590
00010010100101100110
13858
12B38
0
17D8F
0
00010100011010011000
00010000000011111010
148C2
1145E
12B73
13F54
00010011101111111001
13DCA
00010011101011000011
00010010000110111011
108D1
10C49
00010100100101101001
00010111110100001101
14C0C
12BAB
0
11FA9
1080F
17A81
00010011101010101000
127F4
12F64
00010110100010100010
120F4
00010110101011011000
13F3A
00010110010110101001
0
16A40
00010110100111100000
00010101111101110100
00010110111010010101
15B9D
00010101000101001110
150A6
10474
0
1519C
00010101111100100110
10AB7
00010000001010001110
15B88
10A9F
00010100111101011100
13F16
00010101111011110101
00010110101011111110
11AC7
1787F
14567
17EF7
17240
00010111011101001100
17C88
10A80
00010110101001110010
00010010111010000101
00010001000010100101
10553
00010000100111101110
00010011001000111001
00010101011100110001
00010001100101110000
13BA6
13DF6
12941
13199
0
14B52
00010010111000001111
117D5
1168F
13866
13578
00010010001111101110
1721A
17E4E
00010010001001111110
0
00010001100110011010
00010111011110101011
0
00010101100010110111
15374
00010011011100100001
1081B
17850
0
00010110110111011001
00010100010011101001
17898
16B4B
16200
134C3
15FAF
1610B
17545
107DD
00010010100001110111
10DAC
13B5F
15093
16116
1218B
0
15DE0
00010101100101111000
00010011110011100110
11FF4
125E8
161CB
12261
00010000101001101101
1406E
11901
00010111100110000100
15CB5
00010111000101011110
14B52
1213A
0
14345
160B7
11254
00010111111011010101
131D4
00010101101101110000
15204
10ECB
16462
1667E
00010111010001100010
00010010001111001010
17866
1742A
12EEB
00010101100000101010
15C00
16C7C
17AFD
00010100100101001001
13871
00010110101111000101
1485C
00010101111000000110
0
11116
13FB0
00010001110101000111
11792
15CC6
00010001010100000101
11473
00010011001011111010
11EF0
16A49
00010100110111111000
13DA6
175F3
141D2
00010101011111000111
0
00010101110011110000
100D5
159D3
124CA
14A4F
101F0
13C96
00010111011100011001
15E3B
137A1
15F8C
1695B
12121
15ECC
0
00010100000110010111
15235
00010100000100111001
16E17
00010001100111110110
145ED
10813
1363A
00010111101101000110
15484
11E6B
154AA
10778
15878
00010010001110110011
00010101110101111001
00010011010000100011
13D0C
00010110111001000100
172BA
00010001010011111111
11CC7
11DD8
00010110101100000111
1366A
00010110111111110011
00010011111000010000
107FC
107E6
14B20
178F0
00010011110010111010
00010101011010011000
12D9E
00010101100101011110
00010000010001100101
157CB
00010110000000000110
11DA6
148A7
00010100001101101011
162B2
00010001100111111001
1582A
17E8B
16C40
00010010101011101001
0
155E0
00010111100000010011
137EF
0
00010100100001000011
164D1
145E6
140BF
16133
122E6
1198D
127DC
12350
17300
16A08
16256
102E1
00010011010010010010
1235F
15572
00010111000001001111
00010100010001010001
00010011100011111110
00010100100011111010
172A8
00010110101010111010
0
00010101110110111001
1521D
15A89
00010100101010110100
11400
15285
13F43
11916
16224
00010111110111011000
00010101101110101110
00010111110101010111
15AFD
17EB4
0
00010001010101010101
16469
10ADB
16203
14554
00010111110111000111
15DB2
00010011100001001111
17A7D
1167D
00010100001011000100
00010100110000001111
17D59
00010111010001110011
00010011000000111110
00010100110111011100
1545A
00010010101010010101
00010111000101110000
10C96
0
00010001111101010101
16152
103DE
10CFA
12326
00010011010011111101
17A9C
1076C
00010001011100000010
00010101011000101101
1317B
0
122E5
14DC6
00010010000101101000
15E15
17C4F
00010011111001001100
14A17
00010111100111110110
13CC6
16E69
0
00010100110111111001
14852
1636B
00010010110101011000
129AD
14400
10BC4
00010010101110100100
16105
11C60
00010111100110001000
17723
14EDA
11C06
00010010110011110010
17ADD
16766
1120C
16EDF
14F9D
00010101101011001011
1088F
00010011101101010001
0
1478A
10B2E
13BEE
13B2A
00010111110100001100
17D8E
1527F
00010110101011100001
14E1D
00010000000111011000
13371
00010110101001101111
00010111001101101100
00010110111100111001
00010001000001010111
120F4
17E0C
15861
15266
00010000101001010011
159F6
12205
0
155B0
16084
00010010100101011101
11009
113F8
17AF8
17AA7
162BD
00010111011001011010
154F3
117A2
12DD8
00010001110011000110
11EFE
14E14
10E44
17475
00010110000100000101
11E44
1078F
12660
15CD7
00010011000110000000
00010010111001101011
00010001010111000111
100A7
00010110000010011001
1632C
16EAC
1698E
14A62
11C4D
14456
00010111011000000111
17A34
140EB
13FCF
00010110100001110001
0
11348
00010101111001100101
00010001100110010000
14EED
00010010101101001010
00010100000000101101
00010011101100001101
16398
00010000000011111010
00010000011001111011
129F2
15AD6
10706
00010100001001101100
1512E
00010101000000010110
1553E
1735C
11C17
10246
1631A
11570
00010111100011100011
0
00010101001000110011
1400D
16B2D
161D2
148C6
1545F
00010010111001110111
15922
15C34
00010011101111010100
168A2
11E4E
10B85
1369E
16C77
1335A
149E0
00010011101000110100
10C22
134CF
11914
00010101111111010001
00010111101110110010
00010101000000111010
13413
162F4
1439B
14AAA
00010100100101110001
12FDE
00010100001100110011
11736
00010100010111101001
00010000001000010111
0
0
00010010111011011001
112EA
11849
15005
00010000110011000001
157E4
15568
00010011001100000101
165C8
15159
10E7E
1729A
14836
168DF
12AD7
1696E
164FB
15FD1
147A2
1772C
00010011101000100111
14DCD
12A73
00010000011100000101
14D70
0
143C0
1262E
176B0
103B3
14167
00010010101001011111
00010011101001100100
0
13127
16856
00010011010000101101
13BD7
13322
00010111101001010010
00010001000101010011
00010010000110011110
13C62
11699
00010001101100111101
12BBC
00010110100101010000
175F3
151FA
163AB
00010110000000111110
14A2C
00010001011010111100
15D29
143DF
00010100010010010101
00010110011001010111
0
135CA
12C84
123C6
17E22
168FB
105D0
172A7
152EE
00010100010001010001
14755
00010010000110111010
0
11511
00010010000101110110
12566
00010111100010101110
00010101000101100001
15496
12234
00010101110000001100
16ACE
1179E
10751
00010100110010011111
00010011000011000111
10E7A
13911
00010111101001000111
1431F
00010101000010011100
14B67
00010110000110100110
1148F
17F78
14C6D
00010110101010100010
17D32
16D06
00010001111011100010
116E7
00010101110100001000
15243
0
00010100000001100011
00010100111001110011
00010001010110110000
0
167C8
168BD
121D1
00010111110001011011
00010001001100001110
11290
14BAF
16C41
0
0
14957
00010101000001100110
14E67
00010001101101110100
13859
173DE
1373D
0
00010011010001001010
12FE5
00010000001001110101
00010000000101001110
17D43
00010100011001010110
109DB
0
00010010111001011111
00010100110000110100
1337C
0
10440
12425
1402C
15DB5
1338B
00010000100011110010
00010010101000000010
00010000001111010110
14F67
00010010100000001001
00010001001011010110
00010110011010011101
14002
0
00010100001011001010
00010000000000011101
1490D
00010001011011111110
00010011011010111110
1454F
00010010000000111011
14D6C
0
1388E
00010001001111000101
13042
12D09
00010000110000011010
0
167A2
11378
0
00010101101001100111
17D51
00010001001100011011
00010100101110001001
00010111111100000010
1673A
00010011101000101000
121E0
12005
0
00010111001010011010
1626A
177BC
00010101101100010001
00010000000010101111
1645B
10FF6
12C06
1116A
14DCA
00010101100010001010
16444
15912
12633
14DCF
163E6
00010100000110110001
178F5
00010010111100100010
10630
00010010100110010110
107D5
00010100010101100011
11C06
00010011000111010100
10D79
13978
17672
00010001110011000000
00010000111111101110
17AC9
00010000000100100001
13C77
14323
135C3
16CE7
17156
00010111101101101100
00010101101001010110
16A37
00010011100010000000
13000
13277
173AC
14A5B
10D7B
00010000100010011110
12883
14913
1185D
15E48
1371E
17F16
00010101111110001000
13276
00010101011110000010
12D96
13EC6
00010101100000101101
155DA
00010110101100001011
13141
00010101110011110100
00010010110011110010
111AE
13409
17F59
0
13DFF
00010011100010010010
1356C
00010100100011001111
15D40
12733
14342
13AE4
14BF7
00010111000110101000
00010110000101110100
0
10470
00010011010110010001
1739D
00010100100110101100
15D39
16EF0
00010100111011011111
14707
157A4
13AAF
00010001000001011111
164B2
00010111111001001000
12918
103C5
14C9B
00010101001110000000
00010010000001011011
00010001100110111101
115D3
14FEB
14F0C
00010110111001111000
00010111111100010000
00010111000011101010
00010010111010100010
1602C
1392C
15725
00010001010111111001
00010011010110001111
141A4
00010111010100000111
00010101101111010001
15460
0
14D3D
1094D
0
141D4
1413B
00010001110001110100
15750
1423B
00010110111110110111
00010101101010110011
16C7C
1475C
1232C
13359
00010000101000101111
00010100101101101010
15058
00010011001000011010
112BB
1043A
00010010010010111111
1018D
00010001111001110100
12DC5
12526
17DAE
12232
00010110010010101010
00010101110000011000
1565D
00010010010111010010
110A9
11864
141DD
00010000101010110101
00010101111100101001
13B9D
00010011111101010110
1623F
14DB3
11899
00010110100101010011
15459
00010100010001110101
0
15844
115F0
140C1
0
0
0
00010000111110001011
169FE
11B35
1535A
117EE
12F38
16C08
1049A
00010011010110100111
13AE3
0
14D31
00010010001110011000
00010100011111101101
16BE2
144A1
17647
15809
13E93
1266C
00010010011001011101
1122C
13836
0
00010010101100100111
13113
13A5B
0
00010010010100011000
00010000000110111011
00010110101011110100
00010001000111100011
11845
171E7
136D9
0
136E7
12E9D
0
00010111101000001001
00010011101111011101
00010101001010101001
1355B
16FBF
15528
12519
11A9B
162E3
11E6D
167BF
0
15918
12B76
0
16A9E
15686
122B1
171CE
144DE
1545C
00010110011110101111
1452F
00010110011100111111
14748
00010101010110100111
12DBA
14FB9
13601
00010000100111110001
11C94
129A8
15FBE
13E8B
124A9
1704C
172BC
00010011010010010111
13926
12148
152BB
12EDB
17C00
17F23
00010110111110000001
00010111110000111111
00010001110001101011
163CB
12B56
11253
14563
1230D
15187
00010011011111000111
0
00010111110100011110
00010001110011100100
13EF1
0
12115
00010100111001000010
1504A
0
13F6E
00010101001011111001
00010100010011110001
00010111001000100011
0
00010111101101100110
00010001000100100111
14D56
11329
1416A
00010011111011010001
00010110011000001010
136F6
11EE9
177F9
11F95
00010100011011111011
1744D
1214D
10D12
14028
00010111111100000000
1049F
16FDF
00010101111111010001
15FF6
00010000101101100011
1461F
1262E
13221
10934
0
168D9
130FA
00010001011001010000
13C58
00010111010101010011
16EFF
0
00010110101011101001
00010100001101111111
11C2F
00010010010110010000
1371F
13825
15C90
13DE3
15872
17770
12EA9
136E0
00010110101000011100
14770
16208
17D77
00010110100110011011
10299
11DBE
1323E
00010100010100110010
11A42
176DE
173EF
17A67
12928
11702
139E6
14486
00010001010111101001
172C6
13EA7
00010101101100011101
14589
1104A
17A56
00010100000001111110
00010101110111101111
15DB4
12D3E
00010010000001000001
11869
00010001011110101100
17A4B
13DBF
12424
13FDE
00010001000110001111
17298
118B5
1237C
16AC1
00010011110100101110
17894
171BA
10FB9
00010101111100100111
1439B
16250
00010111011011110101
0
1198B
16BFB
00010110111000011000
12734
00010110110010000111
0
11465
11368
14397
11797
00010110010101001000
11042
0
12C95
152CE
1293D
00010000000110000100
00010001110111000011
17028
00010011010000011000
00010001010101100101
00010111111001110001
12C2C
15F54
0
137F3
11BD4
00010101000010111010
13B72
13024
154BD
153D2
14B79
17FDE
157A8
1186D
14BB9
13983
10AFD
00010000000100011100
1445A
13F78
14543
00010000000110110110
178E7
0
00010110011110101001
10DD6
14AD1
00010100000011110101
10881
1175A
00010010101111101010
17BDB
00010010110110111111
11CE5
120EA
0
1177F
1485E
153EE
15DBE
11A7C
11D70
136F4
113B0
10A99
00010011100000001000
0
00010000100100100001
1355C
00010001101011011010
00010111101101111010
00010100101010010111
16C6E
10DDB
00010011111011101101
10F1A
1201D
10CC8
00010010101101001010
00010010111010110110
109DA
0
00010100111110000011
00010010100011111101
166BB
00010010011100100000
12170
00010011101110000010
141FA
00010111111101010101
00010001000001001110
1085F
00010100111101110100
12A07
00010010011100111011
00010100110010110000
1562B
14F45
13FBB
0
12AC4
131E2
14436
16E34
13A0A
00010000110111110011
10277
11735
12369
00010000011101010101
10E2F
12C45
00010110001101110011
12825
00010011001101110000
00010101001100010100
00010000111001011111
16F46
00010111100100110010
16356
11A85
16EDE
133D2
10D46
13AE4
17AD9
00010010011110001110
00010001000000011110
1499C
0
13B0A
100A0
0
00010101011101110100
00010011100111001110
11F90
14D55
00010001101100111110
00010010011011000101
0
00010101100011001101
11EBC
11EC0
13EE2
00010100010010001101
1682E
14AF1
00010000011101100001
11BEB
00010010011010010101
16371
00010010101110001001
16061
0
141BA
109B3
00010110010000001100
15125
1032D
1033A
00010011010000101110
149A7
00010011101110001101
00010100001100000001
113AC
00010101110011010001
00010011011110000010
113EA
0
00010000111011111010
14F18
00010100011101100000
00010110011110001001
1343D
1483D
12BCE
11C67
16EF9
14947
00010001001100100101
00010100011010100000
13E4F
15B6B
00010110100101011010
112CD
11CA7
0
15AE6
0
00010010111000101100
14559
10B45
0
00010111111101001011
00010001010010000101
15B77
175AD
15338
0
00010100000010000010
101FD
00010000001001101001
15EAF
129EE
136DE
16919
135E7
00010111100001001000
11A41
165C6
121B0
1039F
00010000010110111100
167B3
11C62
1320A
17109
10D67
169B8
11E20
14C85
0
13951
14D7E
00010110101110110010
00010101000110010001
15931
17745
17FB6
10BE9
17840
15A99
121D9
14ECA
00010111100011001010
12523
16E0B
11E8F
152FD
16990
0
135D6
0
0
00010001000010000001
11402
12195
00010101101011010111
00010111101001010110
11BB9
14A4D
130A0
15A56
00010100000101100111
00010110101001010101
12F25
00010001011100100101
00010100100110111010
15CD1
00010000001110101000
10907
11825
131C9
1576E
00010000010001100110
0
100A9
00010011011000111110
17450
175DF
14ABF
104E6
104F6
00010000100001100111
16DC1
0
15E2E
00010111010001111010
12644
00010111100100000011
16DF2
100DE
12246
00010010111110100110
00010100001011100000
13A1C
123A5
1557A
176B8
00010011000100000101
132A6
00010010110111100010
128E0
1492A
00010110000001101111
16C41
108E3
11763
1198C
11A7F
170ED
00010101000001001001
1086E
10F8B
11051
146BB
107E7
175D3
00010010011000000100
0
125B0
161CD
14B1F
00010011011000010100
134E4
17872
14D61
0
17082
00010010010110111110
119AB
110B2
12DEE
16332
00010011011010000010
00010011000000111010
00010001111101110000
10E52
00010100111010010000
1061A
126B4
14F27
00010100101100100011
00010100111100001101
13749
0
00010111111010101100
00010001101000010010
14922
17DA6
0
00010101011011101010
00010101101100011000
12A76
1511D
1749D
00010000010101100101
12845
0
10FF5
11C2B
14530
14F3E
00010011001000000010
161EB
00010101000011011000
1492B
11E95
14A0E
172E1
134AD
00010011001011000100
14B60
11175
12A31
1536C
0
00010100011110111110
00010011111101001000
00010110101110101010
164B1
16C6F
14127
00010111101101100001
141BC
1283C
17F2A
135B8
1570C
00010001110001011110
00010010010101001101
12F99
131E0
11910
00010010011010110001
11E33
121DC
00010110010000010100
1381E
00010010010101111001
00010111101110001000
00010000111100101111
15A7B
136A1
00010110101011010000
0
00010111010101010111
17EA5
15583
0
10163
164C5
14DD4
14F6F
00010100001011110110
11903
114DC
17061
11488
00010011001010100110
00010010110100010110
171FD
14137
15EB8
17CE1
1469F
16F45
11E87
00010000000100000010
00010100101000100111
11A98
00010001011000101000
10F1F
1187B
11F39
16AEF
12845
00010111010000000011
153D5
131F8
15B62
13C2B
00010011010000111111
16EA2
00010011011111001100
173E5
00010001101111101100
1210F
14FB9
00010101100000100100
00010001000001110110
164A5
00010100101011000100
0
00010001110000011001
11E90
1086F
0
13839
13C3E
1529B
17050
147DA
101E1
12012
00010000010000000101
00010010001000100111
168F0
166FD
00010100111011000011
12CEC
0
17F6E
00010100001000010111
1071B
0
115D8
16711
1434B
144C5
00010010110110010010
174C6
00010011001000110100
104F7
00010011001101010111
176CE
13D34
13063
11FC9
103C6
150CD
00010100000010010110
129E9
0
15725
139E4
0
00010000011100001110
14285
00010000100111100011
14A3A
00010010110000101010
00010010011111011011
0
12CE6
00010001011011010001
16938
0
00010001101100111000
17633
00010111000001010010
17565
00010010100110100111
11B85
17902
10CDB
12A0E
12080
00010110101111000111
11570
14E2F
11DDF
00010100100001000010
00010011010011010001
15A2B
171E5
11FB8
00010100111101110001
1670C
00010001011011010100
00010001111110010100
00010110011100001000
1353C
00010000100101110111
12BE2
00010000100100010000
10F0A
00010011111110011001
109D4
14D47
13B2C
12E8C
11A41
00010110010000110000
17F38
161A3
00010010010000100001
00010011010110010010
1322A
00010010000010111000
00010010111100010010
10EF7
00010101111011100001
00010010011010100111
16DD7
1622E
176A2
167D0
138D4
113C9
00010001001110010011
0
11892
159A0
14B41
00010010001111101010
00010110000001000001
00010010100101001100
00010001000100011011
101B0
00010101100000110001
00010011011010101101
128F5
15D5B
0
00010000001001100101
00010010100110000110
11C5F
132D0
00010111100001011010
10EE9
00010101010010110110
14E56
11E38
15D20
1035C
00010101000011001100
00010101000111101101
1528C
00010101001011010010
179B7
1182B
12A77
1719D
0
17AE9
16F8B
00010111100011000100
0
177E3
00010101111001011000
00010110001001010101
1038E
17F15
157D1
10FE0
101D8
10144
163CF
00010110000011111010
1644F
10E75
1438D
00010101100110111011
150D2
10474
1142B
15940
14061
14D4E
1012B
1602B
179A3
0
00010000011011110111
1671E
11B61
00010010010000100101
00010100010101011001
14544
00010011011100001001
15613
16201
00010010011011001000
17B2C
10FC0
17B02
1135B
00010110111000000000
1520D
12955
00010000010010110010
137DF
00010111000100100010
00010001001101010101
0
00010111110111000110
142EA
0
10D93
14BD7
00010101110110010010
155BF
17D19
10FD7
1660E
14453
13E5E
00010010001110110000
00010110111010010100
00010010111111101011
106AA
00010110011111110001
1651E
14756
00010101010001001001
16E49
111ED
00010000010111001000
00010111010100001101
13410
00010010011000000001
0
0
16CBE
159A2
10182
00010000101111010111
15C72
11ADA
00010001100110100101
0
1426C
14BF8
16386
00010101011011011110
00010101001110010011
1120E
13DCB
0
144F0
00010011001101110100
15281
17A36
16631
00010000011001000100
00010111100110011000
13019
00010100110000100111
00010110111011011100
12B61
00010000001000110100
10B48
16E5F
00010000001100010110
00010111111001111110
00010000001000101110
00010100000100110011
15152
1336E
0
10D84
00010011111010010101
16682
00010011001101100010
00010010000111000000
17DC2
00010101101010111001
11C18
00010100001100011001
10EA0
12718
00010001111001100000
10C07
1105C
00010001110100101000
00010001100100001010
15AC3
12405
13F76
14405
14FCD
00010101111100001111
00010100100000010011
16AE9
00010101110001100111
14DD1
00010011111100010010
00010011011101101110
00010110000100010111
10607
0
00010000101111110011
00010101110000101001
00010100100101010001
00010001010110011111
16DF9
1282A
137B2
135EA
00010000000010100101
0
0
16313
00010000111101000001
1518C
10CBB
12CC1
127BB
0
131DF
147A2
14524
00010001111000000001
15411
0
10A32
00010110000101011001
110C8
00010011001111000011
10BBF
0
162E0
00010011000111110000
0
00010000100000001000
14519
1382A
1016F
00010110100001110111
16496
155B1
1587A
00010011100101001110
1635E
155CB
136D1
11D43
12ADE
12640
17984
0
14E66
14DDD
00010111111011000010
00010000001010110110
17DA7
172F1
16063
12E76
00010000011100111011
00010111000111010011
00010011111001100000
00010110111011010110
16B1E
00010000001101011010
00010001100101010101
00010101001001100001
17D2D
17363
13D06
12BE6
00010001011110101110
1674F
00010011101011010111
00010110000011111000
15DC8
0
00010111010001010010
0
10E06
00010100011011100101
00010011010110100101
00010001100011011111
164D8
00010001011101100101
16021
1672E
10F12
13272
0
134FC
12C6B
14E81
14E91
10F30
161FF
1728A
00010001110101011011
13C74
17CCE
12C8B
12FFD
00010111101110110111
1243B
15803
17EFC
152AC
00010001110010001101
00010111010001110111
0
00010110110001001000
11972
0
1435F
00010000011101001000
12077
1297C
11881
174A9
17B91
00010101111110101001
14E7E
00010010011000101110
00010011101110010111
15F0D
17B92
14CDD
00010100101011000101
00010001110011000001
13E99
00010000011110000010
00010000111100111011
108E1
00010010100110010100
00010010000100101011
00010001110101111100
0
13C2A
15FAA
17AEF
00010100101011101011
16E25
16216
00010111000001100010
0
149F1
10F4B
16C82
14961
11720
11465
17664
00010100011111010111
00010001010011101000
00010111001101001001
12FFF
178B8
00010100010010100011
1211C
168AF
15F3E
1444F
00010011010011001010
00010011111110110100
16DA5
1390C
12580
00010101011010110001
0
149A0
00010001100100110010
1142E
0
128F6
14317
17616
1383B
1309B
00010101001000101000
17439
17C54
10B40
0
172CB
00010111100000111010
16F3A
14D8F
00010100010011100011
130C1
16905
00010100010100101110
0
15741
135BD
00010000010110001100
15979
00010000000000010111
12DA3
151F8
00010110001100011010
16924
13E9F
00010101000010000101
14388
1504D
176B8
16889
14DCE
159F9
11E9D
00010011000100011111
00010010001011011101
00010000011110010110
1641F
00010110111110100101
00010010010000000111
13E14
114B5
1263E
17584
15C68
0
13251
0
00010110001000001010
15A23
17B08
167CB
00010010010101111000
1169B
00010010111111010010
115F8
00010001101010110001
17265
00010001011011100010
00010010010000111111
129BB
00010111011010101010
16BAE
15ACB
1151E
17B38
00010100110101110000
123AC
17066
15100
13DA8
17D56
00010010011010100100
17C98
12E98
00010111110100100001
00010001000011101101
00010000000010111001
00010010000111000111
161C7
11CDA
138C2
1567F
00010011010111101001
10307
14334
1084F
00010000001010001010
10D94
00010111110000110100
00010011110110001001
11192
16EA7
1080C
00010010010111000101
00010100000001001100
126E8
16DAA
00010000100001011100
00010110000111101000
17C04
00010100000100100000
00010100001011101110
131FA
17F2A
00010101111000100010
157DD
00010101011011111010
12391
00010011001010001100
10CCF
00010111010011000010
164F0
118D9
0
14F13
00010111111000000100
142AC
00010110010010101110
17C10
12F0E
1334B
00010101010110111011
00010010011011000001
11452
14A1F
00010011000000001110
16191
00010000110010011001
00010101110100110110
00010000001100100010
108D1
00010010111110110000
163C1
128B6
13533
00010101010011100111
13096
1534B
00010011111001001111
12993
13CAE
12CAA
00010100110100100001
1578C
00010000000110101000
1045B
00010111111010001001
13BB0
00010110010001000101
10E2F
115CA
00010010110001011110
12EEA
00010011000010110111
00010011111100001100
00010100111111111011
11C22
163CA
161DB
10371
17119
11F03
103A5
150AB
12822
15840
13A3F
00010111010100011010
00010010101100110001
11224
00010010111001100001
17833
00010001111001100001
17A96
00010010111000100101
151EF
00010011101001110000
11941
14F8C
12149
1373E
00010000111000010010
122F9
172C4
14652
15FBC
00010111010110110100
116E2
11D55
00010101101000110111
12468
108AE
11095
17D3D
00010111110110100110
16433
13D83
17ACC
00010011010001100000
16D03
14535
00010100010110100111
1626E
00010010010010110001
116E4
12FD5
11B0D
17157
00010100101001101111
11920
10D5B
00010101010000010001
00010000101011010111
12D97
136DC
12F80
110C2
1340D
00010010010111111000
00010001111001001000
00010010110011111000
00010110110010010111
14C7A
15992
162E8
17F12
16213
12F8A
11324
1799B
156D5
335