225000
234375
244944
247808
254016
263424
268912
303750
321489
337500
358400
367416
375000
381024
395136
501760
506250
540672
551124
562500
571536
592704
750141
811008
823543
826686
843750
857304
889056
896000
921984
937500
941192
1216512
1254400
1285956
1333584
1362944
1382976
1384448
1406250
1720320
1750329
1756160
1824768
1928934
2000376
2074464
2240000
2343750
2555904
2580480
2737152
2973696
3000564
3111696
3136000
3226944
3294172
3604480
3833856
3870720
4084101
4105728
4300800
4390400
4456448
4460544
4500846
4667544
4840416
5600000
5750784
5806080
6021120
6146560
6158592
6451200
6690816
7001316
7260624
7496192
7840000
8626176
8709120
8998912
9011200
9031680
9237888
9529569
9676800
10036224
10501974
10752000
10890936
10976000
11294304
11529602
12939264
13063680
13547520
13856832
14000000
14515200
15052800
15054336
15366400
16128000
16336404
16355328
16613376
16941456
17039360
17537553
19408896
19595520
19600000
19824640
19922944
20185088
20321280
20785248
21073920
21512960
21772800
22235661
22528000
22579200
22581504
24192000
24504606
24532992
24920064
25412184
26880000
27440000
29113344
29393280
30481920
31177872
31610880
32659200
33868800
33872256
35000000
36288000
36799488
37380096
37632000
37879808
38118276
38416000
39530064
40320000
41229056
42598400
43253760
43670016
44089920
45722880
46766808
47416320
48988800
49000000
49561600
50803200
50808384
51883209
52684800
53477376
53782400
54432000
55199232
55801305
56070144
56320000
56448000
57177414
58492928
59295096
60480000
64304361
64880640
65505024
66134880
67200000
68584320
68600000
70150212
70647808
71124480
73483200
73758720
75295360
76204800
76212576
79027200
80216064
81648000
82798848
84105216
84672000
87500000
88942644
89954304
90720000
93002175
94080000
95420416
96040000
97320960
98257536
99202320
100800000
102876480
105225318
106496000
106686720
107986944
108134400
109035520
110224800
110638080
110755840
111017984
114307200
114318864
118540800
120324096
121060821
122472000
122500000
123904000
124198272
126157824
127008000
130203045
131712000
133413966
134456000
134931456
136080000
138355224
140800000
141120000
145981440
147386304
148803480
151200000
154314720
155003625
160030080
161980416
162201600
165337200
165957120
168000000
171460800
171478296
171500000
177811200
180486144
183708000
184396800
186297408
186535791
188238400
189236736
189267968
190512000
197568000
202397184
204120000
204472320
207532836
211680000
217005075
218750000
218972160
221079456
223205220
226759808
226800000
231472080
235200000
235782657
237895680
239075328
240045120
240100000
242221056
242970624
243302400
247267328
248005800
248935680
252000000
257191200
257217444
258155520
258339375
263533760
266240000
266716800
270336000
270729216
272588800
275562000
276595200
276889600
279446112
283855104
285768000
296352000
303595776
303807105
306180000
306250000
306708480
309760000
311299254
317520000
321978368
328458240
329280000
331619184
333971456
334807830
336140000
340200000
341796875
347208120
352000000
352800000
356515840
356843520
358612992
360067680
361675125
363331584
364455936
364953600
372008700
373403520
378000000
380204032
385786800
385826166
385875968
387233280
388562944
400075200
405504000
406093824
413343000
414892800
419169168
420000000
425782656
428652000
428750000
430565625
444528000
454557696
455393664
459270000
460062720
460992000
470596000
476280000
478515625
484243284
492687360
493920000
494748672
497428776
506345175
510300000
511180800
520812180
529200000
535265280
537919488
540101520
544997376
546683904
546875000
547430400
558013050
560105280
567000000
578680200
580849920
588000000
594739200
599695360
600112800
600250000
602791875
608256000
609140736
610598912
620014500
620232704
622339200
628753752
630000000
638673984
642978000
645388800
658834400
665600000
666792000
669921875
675840000
681472000
681836544
683090496
688905000
690094080
691488000
692224000
701915136
708883245
714420000
717609375
719912960
726364926
739031040
740880000
742123008
746143164
765450000
765625000
766771200
774400000
781218270
793800000
802897920
806879232
808321761
810152280
817496064
820025856
821145600
823200000
840157920
840350000
843908625
847773696
850500000
864536409
865435648
868020300
871274880
880000000
882000000
891289600
892108800
900169200
903544320
912384000
913711104
922368160
930021750
933508800
937890625
943130628
945000000
958010976
964467000
968083200
1000188000
1004653125
1013760000
1022754816
1024635744
1033357500
1035141120
1037232000
1050000000
1052872704
1071630000
1071875000
1108546560
1111320000
1113184512
1119214746
1145044992
1148175000
1150156800
1152480000
1168900096
1176490000
1181472075
1190700000
1196015625
1204346880
1210318848
1215228420
1226244096
1230038784
1231718400
1234800000
1247178944
1260236880
1271660544
1275750000
1277952000
1302030450
1306912320
1308426240
1313046875
1323000000
1329070080
1332215808
1338163200
1350253800
1355316480
1359970304
1367187500
1368576000
1370566656
1400263200
1406514375
1414695942
1417500000
1437016464
1446700500
1452124800
1470000000
1486848000
1499238400
1500282000
1500625000
1520640000
1534132224
1536953616
1550036250
1552711680
1555848000
1575000000
1579309056
1593835520
1607445000
1613472000
1614807040
1647086000
1654060905
1662819840
1664000000
1666980000
1669776768
1674421875
1689600000
1694851494
1703680000
1717567488
1722262500
1725235200
1728720000
1730560000
1786050000
1798045696
1799782400
1806520320
1815478272
1822842630
1838265625
1839366144
1845058176
1847577600
1852200000
1890355320
1907490816
1913625000
1914062500
1916928000
1936000000
1960368480
1962639360
1969120125
1984500000
1993359375
1993605120
1996488704
1998323712
2007244800
2025380700
2032974720
2052864000
2055849984
2058000000
2100394800
2100875000
2126250000
2137096192
2155524696
2170050750
2170814464
2178187200
2200000000
2205000000
2228224000
2230272000
2250423000
2258860800
2271215616
2280960000
2301198336
2305430424
2305920400
2329067520
2333772000
2344190625
2362500000
2368963584
2399141888
2411167500
2420208000
2471326208
2494229760
2500470000
2504665152
2534400000
2573571875
2576351232
2583393750
2587852800
2593080000
2625000000
2679075000
2679687500
2709780480
2721117696
2723217408
2736816128
2756768175
2759049216
2767587264
2771366400
2778300000
2790703125
2835532980
2861236224
2870437500
2875392000
2881200000
2940552720
2941225000
2943959040
2967207936
2976750000
2990407680
2997485568
3010867200
3029024768
3030384640
3038071050
3049462080
3079296000
3083774976
3087000000
3150592200
3162405120
3169966833
3189375000
3194880000
3228288560
3233287044
3267280800
3271065600
3281866875
3298324480
3307500000
3322265625
3322675200
3345408000
3358294016
3375634500
3388291200
3406823424
3417968750
3421440000
3451797504
3458145636
3493601280
3500658000
3502727631
3543750000
3553445376
3603000625
3616751250
3630312000
3675000000
3717120000
3741344640
3748096000
3750705000
3751562500
3756997728
3801600000
3859475445
3863740416
3864526848
3881779200
3889620000
3906984375
3937500000
3984588800
4007657472
4018612500
4031512576
4033680000
4037017600
4064670720
4081676544
4084826112
4091150336
4117715000
4138573824
4151380896
4157049600
4160000000
4167450000
4224000000
4253299470
4259200000
4278190080
4291854336
4305656250
4313088000
4321800000
4326400000
4410829080
4415938560
4437573632
4450811904
4465125000
4485611520
4496228352
4499456000
4516300800
4562448384
4574193120
4594613625
4618944000
4625662464
4630500000
4630511616
4651171875
4662755328
4679434240
4725888300
4743607680
4759896064
4784062500
4785156250
4792320000
4840000000
4849930566
4900921200
4906598400
4961250000
4984012800
5018112000
5044200875
5063451750
5082436800
5110235136
5132160000
5145000000
5177696256
5187218454
5240401920
5250987000
5252187500
5315625000
5330168064
5445468000
5469778125
5500000000
5512500000
5537109375
5570560000
5575680000
5612016960
5626057500
5635496592
5647152000
5651824640
5702400000
5764801000
5795610624
5796790272
5822668800
5834430000
5906250000
6011486208
6027918750
6050520000
6097006080
6122514816
6127239168
6207860736
6227071344
6235574400
6251175000
6336000000
6417285120
6432459075
6437781504
6469632000
6482700000
6511640625
6562500000
6616243620
6623907840
6676217856
6697687500
6699218750
6728417280
6744342528
6774451200
6843672576
6859484192
6861289680
6928416000
6938493696
6945750000
6945767424
6987710464
6994132992
7061881225
7088832450
7102708965
7115411520
7176093750
7188480000
7196344320
7203000000
7327186944
7351381800
7353062500
7359897600
7441875000
7442792448
7476019200
7479836672
7527168000
7575961600
7597850624
7623655200
7633633280
7657689375
7665352704
7698240000
7717500000
7751953125
7766544384
7860602880
7876480500
7906012800
7973437500
7987200000
7995252096
8070721400
8168202000
8177664000
8245811200
8268750000
8306688000
8363520000
8418025440
8439086250
8453244888
8470728000
8553600000
8638955520
8693415936
8695185408
8734003200
8751645000
8859375000
8881438720
8925478912
9005442705
9017229312
9075780000
9116296875
9145509120
9183772224
9187500000
9190858752
9228515625
9292800000
9311791104
9340607016
9353361600
9370240000
9376762500
9378906250
9504000000
9625927680
9656672256
9704448000
9724050000
9843750000
9886633715
9924365430
9935861760
9961472000
10014326784
10046531250
10084200000
10092544000
10092625920
10116513792
10161676800
10265508864
10291934520
10294287500
10385227776
10392624000
10400000000
10407740544
10418625000
10418651136
10491199488
10560000000
10601586688
10648000000
10673117280
10695475200
10720765125
10782720000
10794516480
10804500000
10816000000
10852734375
10990780416
11027072700
11039846400
11068417920
11162812500
11164188672
11214028800
11248640000
11290752000
11299009960
11435482800
11498029056
11547360000
11576250000
11623211721
11649816576
11698585600
11754029056
11790904320
11814720750
11837848275
11859019200
11960156250
11980800000
11992878144
12100000000
12252303000
12266496000
12403125000
12460032000
12545280000
12627038160
12679867332
12706092000
12762815625
12830400000
12862500000
12919921875
12958433280
13040123904
13042778112
13101004800
13127467500
13130468750
13195280384
13289062500
13525843968
13613670000
13718263680
13750000000
13775658336
13781250000
13786288128
13926400000
13939200000
13967686656
14010910524
14026801152
14030042400
14065143750
14110294016
14117880000
14129561600
14256000000
14319026176
14412002500
14438891520
14485008384
14556672000
14586075000
14765625000
14903792640
14966147328
15009071175
15021490176
15126300000
15138938880
15141437440
15174770688
15178486401
15193828125
15242515200
15380859375
15398263296
15437901780
15577841664
15588936000
15594422272
15611610816
15627937500
15627976704
15736799232
15840000000
16009675920
16043212800
16063620352
16174080000
16191774720
16206750000
16319643648
16406250000
16486170624
16540609050
16559769600
16602626880
16659636224
16744218750
16746283008
16821043200
16936128000
16970153984
17081434112
17153224200
17247043584
17321040000
17364375000
17474724864
17686356480
17788528800
17867941875
17971200000
17989317216
17990860800
18007500000
18087890625
18140784640
18378454500
18382656250
18399744000
18470617088
18604687500
18690048000
18817920000
18939904000
18940557240
19019800998
19059138000
19084083200
19126026240
19245600000
19293750000
19377684480
19437649920
19560185856
19564167168
19651507200
19691201250
19729747125
19758444939
19765032000
19781386240
19933593750
19968000000
20176803500
20288765952
20420505000
20444160000
20577395520
20614528000
20663487504
20671875000
20679432192
20766720000
20908800000
20951529984
21012699645
21016365786
21040201728
21045063600
21176820000
21271359375
21384000000
21533203125
21576548352
21597388800
21658337280
21727512576
21835008000
21879112500
22148437500
22203596800
22355688960
22449220992
22532235264
22689450000
22708408320
22762156032
22863772800
22968750000
23097394944
23156852670
23232000000
23262937088
23366762496
23383404000
23417416224
23425600000
23441906250
23441965056
23605198848
23760000000
23957864448
24014513880
24064819200
24261120000
24287662080
24310125000
24456986624
24479465472
24609375000
24729255936
24839654400
24903680000
24903940320
25015118625
25119424512
25210500000
25231360000
25231564800
25323046875
25404192000
25634765625
25645154304
25729836300
25735718750
25758269440
25870565376
25981560000
26000000000
26043266205
26046562500
26049773568
26179428352
26204831744
26212087296
26400000000
26529534720
26592477184
26620000000
26682793200
26717716480
26738688000
26956800000
26983975824
26986291200
27011250000
27040000000
27567681750
27599616000
27671044800
27907031250
28035072000
28121600000
28226880000
28247524900
28410835860
28588707000
28689039360
28789702656
28868400000
28940625000
29066526720
29156474880
29246464000
29340278784
29346250752
29477260800
29647548000
29655914496
29779903125
29952000000
30146484375
30250000000
30416322560
30433148928
30630757500
30666240000
30866093280
30870077440
30995231256
31007812500
31019148288
31085035520
31138512896
31150080000
31239176192
31363200000
31427294976
31560302592
31567595400
31765230000
32076000000
32156250000
32364822528
32396083200
32487505920
32591268864
32752512000
32818668750
32841793536
32882911875
33222656250
33533533440
33673831488
33798352896
34034175000
34062612480
34143234048
34295659200
34375000000
34453125000
34646092416
34816000000
34848000000
35021166075
35050143744
35075106000
35126124336
35162947584
35294700000
35323904000
35407798272
35452265625
35640000000
35888671875
35936796672
36021770820
36030006250
36097228800
36348297216
36364615680
36391680000
36431493120
36465187500
36719198208
36914062500
37093883904
37105553408
37259481600
37355910480
37679136768
37727163056
37815750000
37847347200
37853593600
38106288000
38467731456
38594754450
38739462720
38805848064
38972340000
39069843750
39074660352
39318130944
39546534860
39579893760
39600000000
39794302080
40024189800
40108032000
40299528192
40435200000
40475963736
40479436800
40516875000
41015625000
41139101696
41399424000
41506567200
41691864375
42052608000
42205078125
42340320000
42616253790
42618442977
42883060500
43033559040
43184553984
43302600000
43405443675
43410937500
43599790080
43734712320
44010418176
44019376128
44215891200
44471322000
44483871744
44928000000
44977152000
45018750000
45351961600
45649723392
45946136250
45999360000
46299139920
46492846884
46511718750
46528722432
46725120000
47044800000
47140942464
47340453888
47349760000
47351393100
47647845000
47710208000
47815065600
48114000000
48234375000
48378150912
48444211200
48547233792
48594124800
48731258880
48847912960
48886903296
49029632505
49093804032
49128768000
49262690304
49386029056
49412580000
49453465600
49618616320
49633171875
49920000000
50116591616
50197430272
50244140625
50300300160
50442008750
50510747232
50697529344
51032096768
51051262500
51093918720
51110400000
51214851072
51443488800
51536320000
51679687500
51916800000
51969138624
52272000000
52575215616
52612659000
52689186504
52744421376
52942050000
53111697408
53250883584
53460000000
53905195008
53993472000
54032656230
54145843200
54522445824
54546923520
54587520000
54647239680
54697781250
54804853125
55078797312
55371093750
55508992000
55640825856
55889222400
56033865720
56153210880
56518705152
56723625000
56771020800
57118752768
57159432000
57421875000
57701597184
58080000000
58109194080
58208772096
58308726784
58368610125
58458510000
58564000000
58611990528
58977196416
59087109375
59369840640
59395538944
59400000000
59691453120
60036284700
60162048000
60449292288
60652800000
60713945604
60719155200
60775312500
61523437500
62099136000
62259200000
62259850800
63026250000
63078400000
63078912000
63510480000
64324590750
64395673600
64550338560
64647159808
64776830976
64953900000
65000000000
65116406250
65399685120
65602068480
65773441071
66000000000
66015627264
66029064192
66323836800
66550000000
66706983000
66725807616
66794291200
66846720000
67392000000
67465728000
67528125000
67600000000
67821895680
68474585088
68999040000
69177612000
69234851840
69448709880
69486440625
69739270326
69793083648
70087680000
70304000000
70341796875
70567200000
70618812250
70711413696
71010680832
71027089650
71471767500
71722598400
72171000000
72342406125
72351562500
72567226368
72574042112
72666316800
72820850688
72891187200
73096888320
73116160000
73330354944
73640706048
73693152000
73894035456
74118870000
74880000000
75450450240
75546995355
75625000000
75766120848
76040806400
76046294016
76576893750
76640878080
76665600000
76822276608
77165233200
77175193600
77519531250
77712588800
77875200000
77953707936
78408000000
78862823424
78918988500
79033779756
79116632064
79413075000
79667546112
79876325376
80190000000
80390625000
80857792512
80990208000
81218764800
81716054175
81783668736
81820385280
81881280000
81970859520
82313810304
82618195968
82721953125
83461238784
83833833600
83852525568
84050798580
84229816320
84778057728
84792049664
85085437500
85156531200
85599453184
85678129152
85739148000
85769322496
85937500000
86132812500
86552395776
87040000000
87120000000
87163791120
87313158144
87687765000
87917985792
88236750000
88309760000
88465794624
89054760960
89100000000
89494132959
89537179680
89758040064
90054427050
90243072000
90673938432
90911539200
90979200000
91070918406
91078732800
91162968750
91174207488
91341421875
91603599360
91627999232
91716911104
92285156250
93073670144
93148704000
93389776200
93512007680
94539375000
94618368000
94633984000
95265720000
95491976085
96825507840
96848656800
97165246464
97281016875
97430850000
98099527680
98403102720
98478515625
98866337150
98949734400
99000000000
99023440896
99043596288
99485755200
99774315520
100060474500
100088711424
100270080000
101088000000
101198592000
101292187500
101363744768
101588393984
101732843520
102539062500
102711877632
103498560000
103766418000
104173064820
104413532288
104689625472
105131520000
105850800000
106067120544
106516021248
106577264640
107105746944
107207651250
107583897600
108256500000
108527343750
108797624320
108850839552
108999475200
109231276032
109336780800
109337116672
109645332480
109995532416
110461059072
110539728000
110841053184
111178305000
111964521321
112320000000
112442880000
112546875000
113175675360
113379904000
113649181272
114069441024
114402475845
114961317120
114998400000
115233414912
115747849800
115810734375
116812800000
116930561904
117612000000
118294235136
118374400000
118378482750
118550669634
118674948096
119119612500
119275520000
119501319168
119537664000
119814488064
120285000000
120570676875
120585937500
121110528000
121286688768
121485312000
121828147200
122119782400
122675503104
122730577920
122821920000
122956289280
123470715456
123531450000
123633664000
123927293952
124046540800
124800000000
125191858176
125750750400
125778788352
125911658925
126076197870
126344724480
127167086592
127219040256
127628156250
127734796800
127776000000
128517193728
128608722000
128840800000
129199218750
129792000000
129828593664
129869436928
130680000000
130745686680
130969737216
131531647500
131876978688
132355125000
132698691936
133143986176
133582141440
133650000000
134305769520
134637060096
134983680000
135364608000
135588119520
136010907648
136193423625
136367308800
136468800000
136618099200
136761311232
137405399040
137869921875
138412872010
138772480000
139723056000
140084664300
140383027200
141048348672
141809062500
141927552000
142898580000
143554687500
143843655680
143986855936
144246308864
145200000000
145238261760
145272985200
145747869696
146146275000
146410000000
147149291520
147604654080
148424601600
148500000000
148535161344
148565394432
149228632800
150090711750
150133067136
150405120000
151632000000
151797888000
151938281250
152235703125
152599265280
153808593750
154067816448
155247840000
155648000000
155649627000
156259597230
156267624249
157034438208
157565625000
157696000000
157697280000
158343364608
158776200000
159100680816
159153293475
159719096320
159774031872
159865896960
160658620416
160989184000
161375846400
162135028125
162273624064
162384750000
162500000000
163276259328
163499212800
163846914048
164005171200
164467998720
164993298624
165000000000
165691588608
165809592000
166261579776
166375000000
166767457500
166985728000
167116800000
168480000000
168664320000
168820312500
169000000000
169323528192
169554739200
169763513040
170331406336
170473771908
170967695360
171104161536
171828314112
172441975680
172497600000
172850122368
172851101696
172872433664
172944030000
173087129600
173621774700
173665157120
175219200000
175395842856
175408070656
175760000000
176418000000
177441352704
178012422144
178679418750
179251978752
179306496000
179721732096
180427500000
180878906250
181665792000
181697249280
181930033152
182227968000
182742220800
182790400000
184013254656
184095866880
184232880000
184434433920
185206073184
185297175000
185890940928
187133067264
187200000000
187787787264
188626125600
188668182528
189062500000
189517086720
190102016000
190670793075
190750629888
190828560384
191602195200
191664000000
191931351040
192763444224
192775790592
192913083000
192937984000
193017890625
194281472000
194688000000
194742890496
196020000000
196118530020
196454605824
197297471250
197706096640
197734965248
197815468032
198532687500
198746710857
199048037904
199915634688
200373212160
200475000000
200951128125
200976562500
201458654280
201955590144
202475520000
203046912000
203382179280
203641847808
204016361472
204080543744
204550963200
204703200000
204927148800
204977209344
205141966848
206108098560
207499396808
207884386304
208819643571
209584584000
209852764875
210126996450
210574540800
211572523008
212713593750
212891328000
214347870000
214843750000
215332031250
217600000000
217689415680
217800000000
217857392640
217909477800
218621804544
218945290240
219219412500
220591875000
220723937280
220774400000
221406981120
221647405056
222636902400
222750000000
222802742016
222848091648
223842949200
224412041216
225199600704
225607680000
226265059328
226989039375
227278848000
227448000000
227696832000
228898897920
229008998400
231101724672
232871760000
233474440500
233780019200
235551657312
236348437500
236545920000
236584960000
237296943104
237376634880
237515046912
238164300000
238651021224
239661047808
239798845440
240987930624
242063769600
242121642000
242321981440
243577125000
244914388992
245248819200
245770371072
246007756800
246701998080
247374336000
247489947936
247500000000
248537382912
248714388000
249392369664
249435788800
250151186250
250675200000
252720000000
252996480000
253230468750
253726171875
253985292288
254332108800
254645269560
255710657862
256347656250
256656242304
257742471168
258662963520
258746400000
259275183552
259416045000
260432662050
262828800000
263093764284
264627000000
265255489125
266162029056
266443161600
266939110305
267018633216
268663521280
268877968128
268959744000
269582598144
270225046875
270641250000
271994060800
272498688000
272545873920
272895049728
273341952000
274113331200
276019881984
276085866496
276143800320
276349320000
276651650880
277809109776
277945762500
278836411392
279155245056
280699600896
280800000000
281107200000
281367187500
281681680896
282939188400
283002273792
283449760000
284275630080
285018244641
285311670611
286125944832
286242840576
287403292800
287496000000
289145166336
289163685888
289369624500
292032000000
292114335744
293483839488
294030000000
294177795030
294681908736
295936000000
296723202048
296772173824
297799031250
298188800000
298572056856
298844160000
299598086144
299873452032
300559818240
300712500000
301464843750
302187981420
302776320000
302933385216
303713280000
304570368000
305073268920
305299456000
305462771712
306024542208
306826444800
307054800000
307390723200
307465814016
307712950272
308828625000
309084160000
309099233280
309162147840
310116352000
312000000000
314153140224
314376876000
314457980928
315861811200
317358784512
317784655125
319109726208
319336992000
319440000000
320612597760
320697997312
321009188864
321521805000
322102000000
322521006080
324480000000
325757845504
326534123520
326700000000
326786088960
326864216700
327292026880
327370313205
327932706816
328145154183
328829118750
330887812500
331085905920
332110471680
332471107584
333955353600
334125000000
334204113024
334272137472
334918546875
335693359375
335764423800
337459200000
337799401056
338411520000
338970298800
340918272000
341172000000
341545248000
343348346880
343513497600
346652587008
346931200000
349307640000
349754608125
350137245645
350211660750
350957568000
353327485968
354522656250
354818880000
355005890560
355559378944
356064952320
356272570368
357246450000
357976531836
358886718750
359491571712
359609139200
359698268160
361481895936
363000000000
363095654400
363182463000
364995870720
365365687500
366025000000
367371583488
367873228800
368655556608
369011635200
370052997120
370440929280
371061504000
371234921904
371250000000
372806074368
373020426240
373071582000
373662154752
374088554496
374870114304
376012800000
378315065625
379080000000
379494720000
380791685120
380977938432
381498163200
381967904340
382679908352
384984363456
386613706752
387994445280
388119600000
388912775328
389120000000
389124067500
393914062500
394240000000
394243200000
394640646426
396940500000
399157231616
399243043584
399297740800
399664742400
400527949824
402472960000
403316952192
403439616000
404373897216
405961875000
406250000000
408748032000
408818810880
409342574592
410012928000
411169996800
412500000000
414029822976
414215700480
414523980000
414977476320
415937500000
416713664664
416918643750
417464320000
417792000000
418254617088
418732867584
421049401344
421200000000
421660800000
422050781250
422500000000
422522521344
422876953125
423886848000
424408782600
424503410688
426413445120
426678157312
427419238400
429188917248
429364260864
431104939200
431244000000
432360075000
432717824000
433717749504
433745528832
434054436750
434162892800
438048000000
438171503616
439400000000
440225759232
441045000000
442022863104
442092481875
444898517175
445084803072
445266640896
447858085284
448266240000
449810178048
450839727360
451068750000
451508436992
452725956672
453281972130
454164480000
454243123200
454400077824
454543029248
455569920000
456855552000
456976000000
457609903380
458194157568
459036813312
460239667200
460582200000
461086084800
461198721024
461569425408
463242937500
463648849920
463743221760
468000000000
471229710336
471565314000
471686971392
471731273728
472656250000
473792716800
474558418320
475255040000
476038176768
478664589312
479005488000
479160000000
479828377600
480918896640
482282707500
482344960000
485703680000
486720000000
487245834999
489801185280
490050000000
490179133440
490296325050
491899060224
493669220352
494265241600
496331718750
496628858880
498165707520
498706661376
500933030400
501187500000
501306169536
501408206208
502441406250
503646635700
503953995776
504862081024
506188800000
506699101584
507617280000
508455448200
511377408000
511758000000
512317872000
515022520320
515270246400
519978880512
523961460000
526436352000
529641091875
529991228952
532228320000
534097428480
534408855552
535869675000
536964797754
537109375000
539237357568
539547402240
542222843904
544000000000
544223539200
544500000000
544643481600
544773694500
545617188675
547363225600
547493806080
548048531250
548758735360
551057375232
551479687500
551809843200
551936000000
552983334912
553517452800
555079495680
